0 info it worked if it ends with ok
1 verbose cli [ 'node',
1 verbose cli   '/usr/local/bin/npm',
1 verbose cli   'install',
1 verbose cli   'note-notifier',
1 verbose cli   '--save' ]
2 info using npm@1.4.28
3 info using node@v0.10.33
4 verbose cache add [ 'note-notifier', null ]
5 verbose cache add name=undefined spec="note-notifier" args=["note-notifier",null]
6 verbose parsed url { protocol: null,
6 verbose parsed url   slashes: null,
6 verbose parsed url   auth: null,
6 verbose parsed url   host: null,
6 verbose parsed url   port: null,
6 verbose parsed url   hostname: null,
6 verbose parsed url   hash: null,
6 verbose parsed url   search: null,
6 verbose parsed url   query: null,
6 verbose parsed url   pathname: 'note-notifier',
6 verbose parsed url   path: 'note-notifier',
6 verbose parsed url   href: 'note-notifier' }
7 silly lockFile 8b471e3b-note-notifier note-notifier
8 verbose lock note-notifier /Users/lauren/.npm/8b471e3b-note-notifier.lock
9 silly lockFile 8b471e3b-note-notifier note-notifier
10 silly lockFile 8b471e3b-note-notifier note-notifier
11 verbose addNamed [ 'note-notifier', '' ]
12 verbose addNamed [ null, '*' ]
13 silly lockFile ff1b7ccc-note-notifier note-notifier@
14 verbose lock note-notifier@ /Users/lauren/.npm/ff1b7ccc-note-notifier.lock
15 silly addNameRange { name: 'note-notifier', range: '*', hasData: false }
16 verbose request where is /note-notifier
17 verbose request registry https://registry.npmjs.org/
18 verbose request id 78950be05e0a0350
19 verbose url raw /note-notifier
20 verbose url resolving [ 'https://registry.npmjs.org/', './note-notifier' ]
21 verbose url resolved https://registry.npmjs.org/note-notifier
22 verbose request where is https://registry.npmjs.org/note-notifier
23 info trying registry request attempt 1 at 14:17:04
24 http GET https://registry.npmjs.org/note-notifier
25 http 404 https://registry.npmjs.org/note-notifier
26 verbose headers { date: 'Mon, 08 Dec 2014 19:17:05 GMT',
26 verbose headers   server: 'CouchDB/1.5.0 (Erlang OTP/R16B03)',
26 verbose headers   'content-type': 'application/json',
26 verbose headers   'cache-control': 'max-age=0',
26 verbose headers   'content-length': '52',
26 verbose headers   'accept-ranges': 'bytes',
26 verbose headers   via: '1.1 varnish',
26 verbose headers   age: '0',
26 verbose headers   'x-served-by': 'cache-iad2125-IAD',
26 verbose headers   'x-cache': 'MISS',
26 verbose headers   'x-cache-hits': '0',
26 verbose headers   'x-timer': 'S1418066225.053425,VS0,VE358',
26 verbose headers   'keep-alive': 'timeout=10, max=50',
26 verbose headers   connection: 'Keep-Alive' }
27 silly registry.get cb [ 404,
27 silly registry.get   { date: 'Mon, 08 Dec 2014 19:17:05 GMT',
27 silly registry.get     server: 'CouchDB/1.5.0 (Erlang OTP/R16B03)',
27 silly registry.get     'content-type': 'application/json',
27 silly registry.get     'cache-control': 'max-age=0',
27 silly registry.get     'content-length': '52',
27 silly registry.get     'accept-ranges': 'bytes',
27 silly registry.get     via: '1.1 varnish',
27 silly registry.get     age: '0',
27 silly registry.get     'x-served-by': 'cache-iad2125-IAD',
27 silly registry.get     'x-cache': 'MISS',
27 silly registry.get     'x-cache-hits': '0',
27 silly registry.get     'x-timer': 'S1418066225.053425,VS0,VE358',
27 silly registry.get     'keep-alive': 'timeout=10, max=50',
27 silly registry.get     connection: 'Keep-Alive' } ]
28 silly lockFile ff1b7ccc-note-notifier note-notifier@
29 silly lockFile ff1b7ccc-note-notifier note-notifier@
30 error 404 404 Not Found: note-notifier
30 error 404
30 error 404 'note-notifier' is not in the npm registry.
30 error 404 You should bug the author to publish it
30 error 404
30 error 404 Note that you can also install from a
30 error 404 tarball, folder, or http url, or git url.
31 error System Darwin 14.0.0
32 error command "node" "/usr/local/bin/npm" "install" "note-notifier" "--save"
33 error cwd /Users/lauren/Documents/w04/d01/hello
34 error node -v v0.10.33
35 error npm -v 1.4.28
36 error code E404
37 verbose exit [ 1, true ]
